<?xml version="1.0" encoding="UTF-8"?>
<testng-results ignored="0" total="1" passed="1" failed="0" skipped="0">
  <reporter-output>
  </reporter-output>
  <suite started-at="2023-10-25T21:40:37 CDT" name="Surefire suite" finished-at="2023-10-25T21:41:06 CDT" duration-ms="29568">
    <groups>
      <group name="cucumber">
        <method signature="AbstractTestNGCucumberTests.feature(cucumber.api.testng.CucumberFeatureWrapper)[pri:0, instance:NEXTeTICKET_TestRunner.Test_Runner@82de64a]" name="feature" class="cucumber.api.testng.AbstractTestNGCucumberTests"/>
      </group> <!-- cucumber -->
    </groups>
    <test started-at="2023-10-25T21:40:37 CDT" name="Surefire test" finished-at="2023-10-25T21:41:06 CDT" duration-ms="29568">
      <class name="NEXTeTICKET_TestRunner.Test_Runner">
        <test-method is-config="true" signature="NetStartURL()[pri:0, instance:NEXTeTICKET_TestRunner.Test_Runner@82de64a]" started-at="2023-10-25T21:40:37 CDT" name="NetStartURL" finished-at="2023-10-25T21:40:44 CDT" duration-ms="7271" status="PASS">
          <reporter-output>
          </reporter-output>
        </test-method> <!-- NetStartURL -->
        <test-method is-config="true" signature="setUpClass()[pri:0, instance:NEXTeTICKET_TestRunner.Test_Runner@82de64a]" started-at="2023-10-25T21:40:44 CDT" name="setUpClass" finished-at="2023-10-25T21:40:45 CDT" duration-ms="513" status="PASS">
          <reporter-output>
          </reporter-output>
        </test-method> <!-- setUpClass -->
        <test-method signature="feature(cucumber.api.testng.CucumberFeatureWrapper)[pri:0, instance:NEXTeTICKET_TestRunner.Test_Runner@82de64a]" started-at="2023-10-25T21:40:45 CDT" name="feature" description="Runs Cucumber Feature" data-provider="features" finished-at="2023-10-25T21:41:05 CDT" duration-ms="19851" status="PASS">
          <params>
            <param index="0">
              <value>
                <![CDATA[This is a Subscribe To NewsLetter feature]]>
              </value>
            </param>
          </params>
          <reporter-output>
          </reporter-output>
        </test-method> <!-- feature -->
        <test-method is-config="true" signature="tearDownClass()[pri:0, instance:NEXTeTICKET_TestRunner.Test_Runner@82de64a]" started-at="2023-10-25T21:41:05 CDT" name="tearDownClass" finished-at="2023-10-25T21:41:05 CDT" duration-ms="22" status="PASS">
          <reporter-output>
          </reporter-output>
        </test-method> <!-- tearDownClass -->
        <test-method is-config="true" signature="BoiCloseURL()[pri:0, instance:NEXTeTICKET_TestRunner.Test_Runner@82de64a]" started-at="2023-10-25T21:41:05 CDT" name="BoiCloseURL" finished-at="2023-10-25T21:41:06 CDT" duration-ms="1281" status="PASS">
          <reporter-output>
          </reporter-output>
        </test-method> <!-- BoiCloseURL -->
      </class> <!-- NEXTeTICKET_TestRunner.Test_Runner -->
    </test> <!-- Surefire test -->
  </suite> <!-- Surefire suite -->
</testng-results>
