<?xml version="1.0" encoding="UTF-8"?>
<testng-results ignored="0" total="1" passed="1" failed="0" skipped="0">
  <reporter-output>
  </reporter-output>
  <suite started-at="2023-10-27T21:44:27 CDT" name="Default suite" finished-at="2023-10-27T21:45:00 CDT" duration-ms="32841">
    <groups>
      <group name="cucumber">
        <method signature="AbstractTestNGCucumberTests.feature(cucumber.api.testng.CucumberFeatureWrapper)[pri:0, instance:NEXTeTICKET_TestRunner.NEXTeTICKET_Test_Runner@43f02ef2]" name="feature" class="cucumber.api.testng.AbstractTestNGCucumberTests"/>
      </group> <!-- cucumber -->
    </groups>
    <test started-at="2023-10-27T21:44:27 CDT" name="Default test" finished-at="2023-10-27T21:45:00 CDT" duration-ms="32841">
      <class name="NEXTeTICKET_TestRunner.NEXTeTICKET_Test_Runner">
        <test-method is-config="true" signature="NetStartURL()[pri:0, instance:NEXTeTICKET_TestRunner.NEXTeTICKET_Test_Runner@43f02ef2]" started-at="2023-10-27T21:44:28 CDT" name="NetStartURL" finished-at="2023-10-27T21:44:36 CDT" duration-ms="8549" status="PASS">
          <reporter-output>
          </reporter-output>
        </test-method> <!-- NetStartURL -->
        <test-method is-config="true" signature="setUpClass()[pri:0, instance:NEXTeTICKET_TestRunner.NEXTeTICKET_Test_Runner@43f02ef2]" started-at="2023-10-27T21:44:36 CDT" name="setUpClass" finished-at="2023-10-27T21:44:37 CDT" duration-ms="689" status="PASS">
          <reporter-output>
          </reporter-output>
        </test-method> <!-- setUpClass -->
        <test-method signature="feature(cucumber.api.testng.CucumberFeatureWrapper)[pri:0, instance:NEXTeTICKET_TestRunner.NEXTeTICKET_Test_Runner@43f02ef2]" started-at="2023-10-27T21:44:37 CDT" name="feature" description="Runs Cucumber Feature" data-provider="features" finished-at="2023-10-27T21:44:57 CDT" duration-ms="19929" status="PASS">
          <params>
            <param index="0">
              <value>
                <![CDATA[This is a Subscribe To NewsLetter feature]]>
              </value>
            </param>
          </params>
          <reporter-output>
          </reporter-output>
        </test-method> <!-- feature -->
        <test-method is-config="true" signature="tearDownClass()[pri:0, instance:NEXTeTICKET_TestRunner.NEXTeTICKET_Test_Runner@43f02ef2]" started-at="2023-10-27T21:44:57 CDT" name="tearDownClass" finished-at="2023-10-27T21:44:57 CDT" duration-ms="57" status="PASS">
          <reporter-output>
          </reporter-output>
        </test-method> <!-- tearDownClass -->
        <test-method is-config="true" signature="BoiCloseURL()[pri:0, instance:NEXTeTICKET_TestRunner.NEXTeTICKET_Test_Runner@43f02ef2]" started-at="2023-10-27T21:44:57 CDT" name="BoiCloseURL" finished-at="2023-10-27T21:45:00 CDT" duration-ms="3065" status="PASS">
          <reporter-output>
          </reporter-output>
        </test-method> <!-- BoiCloseURL -->
      </class> <!-- NEXTeTICKET_TestRunner.NEXTeTICKET_Test_Runner -->
    </test> <!-- Default test -->
  </suite> <!-- Default suite -->
</testng-results>
